<?xml version="1.0" encoding="UTF-8"?>
<testng-results ignored="0" total="1" passed="1" failed="0" skipped="0">
  <reporter-output>
  </reporter-output>
  <suite started-at="2018-06-26T11:05:13Z" name="Default suite" finished-at="2018-06-26T11:05:34Z" duration-ms="20993">
    <groups>
    </groups>
    <test started-at="2018-06-26T11:05:13Z" name="Default test" finished-at="2018-06-26T11:05:34Z" duration-ms="20993">
      <class name="tests.FlipKart">
        <test-method signature="main()[pri:0, instance:tests.FlipKart@2970a5bc]" started-at="2018-06-26T11:05:13Z" name="main" finished-at="2018-06-26T11:05:34Z" duration-ms="20926" status="PASS">
          <reporter-output>
          </reporter-output>
        </test-method> <!-- main -->
      </class> <!-- tests.FlipKart -->
    </test> <!-- Default test -->
  </suite> <!-- Default suite -->
</testng-results>
